<?xml version="1.0" encoding="UTF-8"?>
<testsuite xmlns:xsi="http://www.w3.org/2001/XMLSchema-instance" xsi:noNamespaceSchemaLocation="https://maven.apache.org/surefire/maven-surefire-plugin/xsd/surefire-test-report-3.0.xsd" version="3.0" name="br.com.bradesco.bpw.callbackhandler.CallbackHandlerApplicationTests" time="4.88" tests="1" errors="0" skipped="0" failures="0">
  <properties>
[...]
</properties>
  <testcase name="contextLoads" classname="br.com.bradesco.bpw.callbackhandler.CallbackHandlerApplicationTests" time="0.913">
    <system-out><![CDATA[19:34:19.481 [main] INFO org.springframework.test.context.support.AnnotationConfigContextLoaderUtils -- Could not detect default configuration classes for test class [br.com.bradesco.bpw.callbackhandler.CallbackHandlerApplicationTests]: CallbackHandlerApplicationTests does not declare any static, non-private, non-final, nested classes annotated with @Configuration.
19:34:19.596 [main] INFO org.springframework.boot.test.context.SpringBootTestContextBootstrapper -- Found @SpringBootConfiguration br.com.bradesco.bpw.callbackhandler.CallbackHandlerApplication for test class br.com.bradesco.bpw.callbackhandler.CallbackHandlerApplicationTests
19:34:19.771 [main] INFO org.springframework.boot.devtools.restart.RestartApplicationListener -- Restart disabled due to context in which it is running

  .   ____          _            __ _ _
 /\\ / ___'_ __ _ _(_)_ __  __ _ \ \ \ \
( ( )\___ | '_ | '_| | '_ \/ _` | \ \ \ \
 \\/  ___)| |_)| | | | | || (_| |  ) ) ) )
  '  |____| .__|_| |_|_| |_\__, | / / / /
 =========|_|==============|___/=/_/_/_/
 :: Spring Boot ::                (v3.2.1)

2024-01-03T19:34:20.204Z  INFO 35140 --- [           main] .c.b.b.c.CallbackHandlerApplicationTests : Starting CallbackHandlerApplicationTests using Java 17.0.9 with PID 35140 (started by root in /home/usrbpw/callback-handler)
2024-01-03T19:34:20.206Z  INFO 35140 --- [           main] .c.b.b.c.CallbackHandlerApplicationTests : No active profile set, falling back to 1 default profile: "default"
2024-01-03T19:34:21.619Z  INFO 35140 --- [           main] o.s.cloud.context.scope.GenericScope     : BeanFactory id=da62d651-eab4-3360-b620-f536dd715b6a
2024-01-03T19:34:21.844Z  WARN 35140 --- [           main] .s.s.UserDetailsServiceAutoConfiguration : 

Using generated security password: 3bf71240-f496-4810-8c42-613749083ddb

This generated password is for development use only. Your security configuration must be updated before running your application in production.

2024-01-03T19:34:22.159Z  INFO 35140 --- [           main] o.s.s.w.a.c.ChannelProcessingFilter      : Validated configuration attributes
2024-01-03T19:34:22.182Z  INFO 35140 --- [           main] o.s.s.web.DefaultSecurityFilterChain     : Will secure any request with [org.springframework.security.web.session.DisableEncodeUrlFilter@6b8d54da, org.springframework.security.web.access.channel.ChannelProcessingFilter@5fed9976, org.springframework.security.web.context.request.async.WebAsyncManagerIntegrationFilter@79957f11, org.springframework.security.web.context.SecurityContextHolderFilter@4bc6da03, org.springframework.security.web.header.HeaderWriterFilter@1f736d00, org.springframework.web.filter.CorsFilter@217235f5, org.springframework.security.web.csrf.CsrfFilter@125d47c4, org.springframework.security.web.authentication.logout.LogoutFilter@3249e278, org.springframework.security.web.savedrequest.RequestCacheAwareFilter@4e22368c, org.springframework.security.web.servletapi.SecurityContextHolderAwareRequestFilter@411cd156, org.springframework.security.web.authentication.AnonymousAuthenticationFilter@4b41587d, org.springframework.security.web.access.ExceptionTranslationFilter@7f0b93b4, org.springframework.security.web.access.intercept.FilterSecurityInterceptor@15e1f8fe]
2024-01-03T19:34:22.771Z  INFO 35140 --- [           main] AbstractAzureServiceClientBuilderFactory : Will configure the default credential of type DefaultAzureCredential for class com.azure.identity.DefaultAzureCredentialBuilder.
2024-01-03T19:34:23.070Z  INFO 35140 --- [           main] .c.b.b.c.CallbackHandlerApplicationTests : Started CallbackHandlerApplicationTests in 3.312 seconds (process running for 4.736)
]]></system-out>
  </testcase>
</testsuite>